<?xml version="1.0" encoding="UTF-8"?>
<testsuite name="com.SpringBoot.SpringBootPart1.SpringBootPart1ApplicationTests" tests="1" skipped="0" failures="0" errors="0" timestamp="2020-07-31T01:34:39" hostname="admin2-ThinkCentre-M72e" time="0.38">
  <properties/>
  <testcase name="contextLoads()" classname="com.SpringBoot.SpringBootPart1.SpringBootPart1ApplicationTests" time="0.38"/>
  <system-out><![CDATA[03:34:36.089 [Test worker] DEBUG org.springframework.test.context.BootstrapUtils - Instantiating CacheAwareContextLoaderDelegate from class [org.springframework.test.context.cache.DefaultCacheAwareContextLoaderDelegate]
03:34:36.107 [Test worker] DEBUG org.springframework.test.context.BootstrapUtils - Instantiating BootstrapContext using constructor [public org.springframework.test.context.support.DefaultBootstrapContext(java.lang.Class,org.springframework.test.context.CacheAwareContextLoaderDelegate)]
03:34:36.144 [Test worker] DEBUG org.springframework.test.context.BootstrapUtils - Instantiating TestContextBootstrapper for test class [com.SpringBoot.SpringBootPart1.SpringBootPart1ApplicationTests] from class [org.springframework.boot.test.context.SpringBootTestContextBootstrapper]
03:34:36.163 [Test worker] INFO org.springframework.boot.test.context.SpringBootTestContextBootstrapper - Neither @ContextConfiguration nor @ContextHierarchy found for test class [com.SpringBoot.SpringBootPart1.SpringBootPart1ApplicationTests], using SpringBootContextLoader
03:34:36.167 [Test worker] DEBUG org.springframework.test.context.support.AbstractContextLoader - Did not detect default resource location for test class [com.SpringBoot.SpringBootPart1.SpringBootPart1ApplicationTests]: class path resource [com/SpringBoot/SpringBootPart1/SpringBootPart1ApplicationTests-context.xml] does not exist
03:34:36.168 [Test worker] DEBUG org.springframework.test.context.support.AbstractContextLoader - Did not detect default resource location for test class [com.SpringBoot.SpringBootPart1.SpringBootPart1ApplicationTests]: class path resource [com/SpringBoot/SpringBootPart1/SpringBootPart1ApplicationTestsContext.groovy] does not exist
03:34:36.168 [Test worker] INFO org.springframework.test.context.support.AbstractContextLoader - Could not detect default resource locations for test class [com.SpringBoot.SpringBootPart1.SpringBootPart1ApplicationTests]: no resource found for suffixes {-context.xml, Context.groovy}.
03:34:36.224 [Test worker] DEBUG org.springframework.test.context.support.ActiveProfilesUtils - Could not find an 'annotation declaring class' for annotation type [org.springframework.test.context.ActiveProfiles] and class [com.SpringBoot.SpringBootPart1.SpringBootPart1ApplicationTests]
03:34:36.397 [Test worker] DEBUG org.springframework.boot.test.context.SpringBootTestContextBootstrapper - @TestExecutionListeners is not present for class [com.SpringBoot.SpringBootPart1.SpringBootPart1ApplicationTests]: using defaults.
03:34:36.398 [Test worker] INFO org.springframework.boot.test.context.SpringBootTestContextBootstrapper - Loaded default TestExecutionListener class names from location [META-INF/spring.factories]: [org.springframework.boot.test.autoconfigure.restdocs.RestDocsTestExecutionListener, org.springframework.boot.test.autoconfigure.web.client.MockRestServiceServerResetTestExecutionListener, org.springframework.boot.test.autoconfigure.web.servlet.MockMvcPrintOnlyOnFailureTestExecutionListener, org.springframework.boot.test.autoconfigure.web.servlet.WebDriverTestExecutionListener, org.springframework.boot.test.mock.mockito.MockitoTestExecutionListener, org.springframework.boot.test.mock.mockito.ResetMocksTestExecutionListener, org.springframework.test.context.web.ServletTestExecutionListener, org.springframework.test.context.support.DirtiesContextBeforeModesTestExecutionListener, org.springframework.test.context.support.DependencyInjectionTestExecutionListener, org.springframework.test.context.support.DirtiesContextTestExecutionListener, org.springframework.test.context.transaction.TransactionalTestExecutionListener, org.springframework.test.context.jdbc.SqlScriptsTestExecutionListener, org.springframework.test.context.event.EventPublishingTestExecutionListener]
03:34:36.415 [Test worker] DEBUG org.springframework.boot.test.context.SpringBootTestContextBootstrapper - Skipping candidate TestExecutionListener [org.springframework.test.context.transaction.TransactionalTestExecutionListener] due to a missing dependency. Specify custom listener classes or make the default listener classes and their required dependencies available. Offending class: [org/springframework/transaction/interceptor/TransactionAttributeSource]
03:34:36.416 [Test worker] DEBUG org.springframework.boot.test.context.SpringBootTestContextBootstrapper - Skipping candidate TestExecutionListener [org.springframework.test.context.jdbc.SqlScriptsTestExecutionListener] due to a missing dependency. Specify custom listener classes or make the default listener classes and their required dependencies available. Offending class: [org/springframework/transaction/interceptor/TransactionAttribute]
03:34:36.417 [Test worker] INFO org.springframework.boot.test.context.SpringBootTestContextBootstrapper - Using TestExecutionListeners: [org.springframework.test.context.web.ServletTestExecutionListener@77b6c783, org.springframework.test.context.support.DirtiesContextBeforeModesTestExecutionListener@7aedaf84, org.springframework.boot.test.mock.mockito.MockitoTestExecutionListener@3e3f9a93, org.springframework.boot.test.autoconfigure.SpringBootDependencyInjectionTestExecutionListener@60ee4884, org.springframework.test.context.support.DirtiesContextTestExecutionListener@21a511c5, org.springframework.test.context.event.EventPublishingTestExecutionListener@36231bfa, org.springframework.boot.test.autoconfigure.restdocs.RestDocsTestExecutionListener@740ae4af, org.springframework.boot.test.autoconfigure.web.client.MockRestServiceServerResetTestExecutionListener@66b228c2, org.springframework.boot.test.autoconfigure.web.servlet.MockMvcPrintOnlyOnFailureTestExecutionListener@6f1036e8, org.springframework.boot.test.autoconfigure.web.servlet.WebDriverTestExecutionListener@41421c3b, org.springframework.boot.test.mock.mockito.ResetMocksTestExecutionListener@624ea720]
03:34:36.424 [Test worker] DEBUG org.springframework.test.context.support.AbstractDirtiesContextTestExecutionListener - Before test class: context [DefaultTestContext@29574d35 testClass = SpringBootPart1ApplicationTests, testInstance = [null], testMethod = [null], testException = [null], mergedContextConfiguration = [WebMergedContextConfiguration@400fc76a testClass = SpringBootPart1ApplicationTests, locations = '{}', classes = '{class com.SpringBoot.SpringBootPart1.Application, class com.SpringBoot.SpringBootPart1.Application}', contextInitializerClasses = '[]', activeProfiles = '{}', propertySourceLocations = '{}', propertySourceProperties = '{org.springframework.boot.test.context.SpringBootTestContextBootstrapper=true}', contextCustomizers = set[org.springframework.boot.test.autoconfigure.properties.PropertyMappingContextCustomizer@0, org.springframework.boot.test.autoconfigure.web.servlet.WebDriverContextCustomizerFactory$Customizer@39589899, org.springframework.boot.test.context.filter.ExcludeFilterContextCustomizer@367477c2, org.springframework.boot.test.json.DuplicateJsonObjectContextCustomizerFactory$DuplicateJsonObjectContextCustomizer@7c99d166, org.springframework.boot.test.mock.mockito.MockitoContextCustomizer@0, org.springframework.boot.test.web.client.TestRestTemplateContextCustomizer@156f0482, org.springframework.boot.test.context.SpringBootTestArgs@1], resourceBasePath = 'src/main/webapp', contextLoader = 'org.springframework.boot.test.context.SpringBootContextLoader', parent = [null]], attributes = map['org.springframework.test.context.web.ServletTestExecutionListener.activateListener' -> true]], class annotated with @DirtiesContext [false] with mode [null].
03:34:36.480 [Test worker] DEBUG org.springframework.test.context.support.TestPropertySourceUtils - Adding inlined properties to environment: {spring.jmx.enabled=false, org.springframework.boot.test.context.SpringBootTestContextBootstrapper=true, server.port=-1}

  .   ____          _            __ _ _
 /\\ / ___'_ __ _ _(_)_ __  __ _ \ \ \ \
( ( )\___ | '_ | '_| | '_ \/ _` | \ \ \ \
 \\/  ___)| |_)| | | | | || (_| |  ) ) ) )
  '  |____| .__|_| |_|_| |_\__, | / / / /
 =========|_|==============|___/=/_/_/_/
 :: Spring Boot ::        (v2.2.7.RELEASE)

2020-07-31 03:34:36.976  INFO 14198 --- [    Test worker] c.S.S.SpringBootPart1ApplicationTests    : Starting SpringBootPart1ApplicationTests on admin2-ThinkCentre-M72e with PID 14198 (started by recruit in /home/recruit/Desktop/Git repos/SpringbootP1)
2020-07-31 03:34:36.978  INFO 14198 --- [    Test worker] c.S.S.SpringBootPart1ApplicationTests    : No active profile set, falling back to default profiles: default
2020-07-31 03:34:38.953  INFO 14198 --- [    Test worker] o.s.s.concurrent.ThreadPoolTaskExecutor  : Initializing ExecutorService 'applicationTaskExecutor'
2020-07-31 03:34:39.355  INFO 14198 --- [    Test worker] .s.s.UserDetailsServiceAutoConfiguration : 

Using generated security password: 814275b6-0165-46cc-af3a-b431905d443c

2020-07-31 03:34:39.548  INFO 14198 --- [    Test worker] o.s.s.web.DefaultSecurityFilterChain     : Creating filter chain: any request, [org.springframework.security.web.context.request.async.WebAsyncManagerIntegrationFilter@116ee58d, org.springframework.security.web.context.SecurityContextPersistenceFilter@175ea819, org.springframework.security.web.header.HeaderWriterFilter@3fac7a3c, org.springframework.security.web.csrf.CsrfFilter@6028243f, org.springframework.security.web.authentication.logout.LogoutFilter@1c1d2e0b, org.springframework.security.web.authentication.UsernamePasswordAuthenticationFilter@4de3a388, org.springframework.security.web.authentication.ui.DefaultLoginPageGeneratingFilter@187d3d8, org.springframework.security.web.authentication.ui.DefaultLogoutPageGeneratingFilter@3205ca3, org.springframework.security.web.authentication.www.BasicAuthenticationFilter@4ac00f04, org.springframework.security.web.savedrequest.RequestCacheAwareFilter@4b5409c1, org.springframework.security.web.servletapi.SecurityContextHolderAwareRequestFilter@60551f7e, org.springframework.security.web.authentication.AnonymousAuthenticationFilter@4ff30add, org.springframework.security.web.session.SessionManagementFilter@299e1816, org.springframework.security.web.access.ExceptionTranslationFilter@13969bd, org.springframework.security.web.access.intercept.FilterSecurityInterceptor@615b9dee]
2020-07-31 03:34:39.625  INFO 14198 --- [    Test worker] c.S.S.SpringBootPart1ApplicationTests    : Started SpringBootPart1ApplicationTests in 3.129 seconds (JVM running for 4.633)
Jupiter added
Sindi removed
Hello Sindi K
]]></system-out>
  <system-err><![CDATA[]]></system-err>
</testsuite>
