<?xml version="1.0" encoding="UTF-8"?>
<testsuite name="com.SpringBoot.SpringBootPart1.SpringBootPart1ApplicationTests" tests="1" skipped="0" failures="0" errors="0" timestamp="2020-07-31T01:41:44" hostname="admin2-ThinkCentre-M72e" time="0.41">
  <properties/>
  <testcase name="contextLoads()" classname="com.SpringBoot.SpringBootPart1.SpringBootPart1ApplicationTests" time="0.41"/>
  <system-out><![CDATA[03:41:41.176 [Test worker] DEBUG org.springframework.test.context.BootstrapUtils - Instantiating CacheAwareContextLoaderDelegate from class [org.springframework.test.context.cache.DefaultCacheAwareContextLoaderDelegate]
03:41:41.193 [Test worker] DEBUG org.springframework.test.context.BootstrapUtils - Instantiating BootstrapContext using constructor [public org.springframework.test.context.support.DefaultBootstrapContext(java.lang.Class,org.springframework.test.context.CacheAwareContextLoaderDelegate)]
03:41:41.229 [Test worker] DEBUG org.springframework.test.context.BootstrapUtils - Instantiating TestContextBootstrapper for test class [com.SpringBoot.SpringBootPart1.SpringBootPart1ApplicationTests] from class [org.springframework.boot.test.context.SpringBootTestContextBootstrapper]
03:41:41.254 [Test worker] INFO org.springframework.boot.test.context.SpringBootTestContextBootstrapper - Neither @ContextConfiguration nor @ContextHierarchy found for test class [com.SpringBoot.SpringBootPart1.SpringBootPart1ApplicationTests], using SpringBootContextLoader
03:41:41.260 [Test worker] DEBUG org.springframework.test.context.support.AbstractContextLoader - Did not detect default resource location for test class [com.SpringBoot.SpringBootPart1.SpringBootPart1ApplicationTests]: class path resource [com/SpringBoot/SpringBootPart1/SpringBootPart1ApplicationTests-context.xml] does not exist
03:41:41.261 [Test worker] DEBUG org.springframework.test.context.support.AbstractContextLoader - Did not detect default resource location for test class [com.SpringBoot.SpringBootPart1.SpringBootPart1ApplicationTests]: class path resource [com/SpringBoot/SpringBootPart1/SpringBootPart1ApplicationTestsContext.groovy] does not exist
03:41:41.262 [Test worker] INFO org.springframework.test.context.support.AbstractContextLoader - Could not detect default resource locations for test class [com.SpringBoot.SpringBootPart1.SpringBootPart1ApplicationTests]: no resource found for suffixes {-context.xml, Context.groovy}.
03:41:41.362 [Test worker] DEBUG org.springframework.test.context.support.ActiveProfilesUtils - Could not find an 'annotation declaring class' for annotation type [org.springframework.test.context.ActiveProfiles] and class [com.SpringBoot.SpringBootPart1.SpringBootPart1ApplicationTests]
03:41:41.522 [Test worker] DEBUG org.springframework.boot.test.context.SpringBootTestContextBootstrapper - @TestExecutionListeners is not present for class [com.SpringBoot.SpringBootPart1.SpringBootPart1ApplicationTests]: using defaults.
03:41:41.523 [Test worker] INFO org.springframework.boot.test.context.SpringBootTestContextBootstrapper - Loaded default TestExecutionListener class names from location [META-INF/spring.factories]: [org.springframework.boot.test.autoconfigure.restdocs.RestDocsTestExecutionListener, org.springframework.boot.test.autoconfigure.web.client.MockRestServiceServerResetTestExecutionListener, org.springframework.boot.test.autoconfigure.web.servlet.MockMvcPrintOnlyOnFailureTestExecutionListener, org.springframework.boot.test.autoconfigure.web.servlet.WebDriverTestExecutionListener, org.springframework.boot.test.mock.mockito.MockitoTestExecutionListener, org.springframework.boot.test.mock.mockito.ResetMocksTestExecutionListener, org.springframework.test.context.web.ServletTestExecutionListener, org.springframework.test.context.support.DirtiesContextBeforeModesTestExecutionListener, org.springframework.test.context.support.DependencyInjectionTestExecutionListener, org.springframework.test.context.support.DirtiesContextTestExecutionListener, org.springframework.test.context.transaction.TransactionalTestExecutionListener, org.springframework.test.context.jdbc.SqlScriptsTestExecutionListener, org.springframework.test.context.event.EventPublishingTestExecutionListener]
03:41:41.541 [Test worker] DEBUG org.springframework.boot.test.context.SpringBootTestContextBootstrapper - Skipping candidate TestExecutionListener [org.springframework.test.context.transaction.TransactionalTestExecutionListener] due to a missing dependency. Specify custom listener classes or make the default listener classes and their required dependencies available. Offending class: [org/springframework/transaction/interceptor/TransactionAttributeSource]
03:41:41.542 [Test worker] DEBUG org.springframework.boot.test.context.SpringBootTestContextBootstrapper - Skipping candidate TestExecutionListener [org.springframework.test.context.jdbc.SqlScriptsTestExecutionListener] due to a missing dependency. Specify custom listener classes or make the default listener classes and their required dependencies available. Offending class: [org/springframework/transaction/interceptor/TransactionAttribute]
03:41:41.543 [Test worker] INFO org.springframework.boot.test.context.SpringBootTestContextBootstrapper - Using TestExecutionListeners: [org.springframework.test.context.web.ServletTestExecutionListener@78b3c34d, org.springframework.test.context.support.DirtiesContextBeforeModesTestExecutionListener@7822dde3, org.springframework.boot.test.mock.mockito.MockitoTestExecutionListener@622dd324, org.springframework.boot.test.autoconfigure.SpringBootDependencyInjectionTestExecutionListener@a9d3212, org.springframework.test.context.support.DirtiesContextTestExecutionListener@6cd221a7, org.springframework.test.context.event.EventPublishingTestExecutionListener@2f1241b, org.springframework.boot.test.autoconfigure.restdocs.RestDocsTestExecutionListener@ec97392, org.springframework.boot.test.autoconfigure.web.client.MockRestServiceServerResetTestExecutionListener@6da7ddfb, org.springframework.boot.test.autoconfigure.web.servlet.MockMvcPrintOnlyOnFailureTestExecutionListener@108516f1, org.springframework.boot.test.autoconfigure.web.servlet.WebDriverTestExecutionListener@1b5f2906, org.springframework.boot.test.mock.mockito.ResetMocksTestExecutionListener@5e4f8c1c]
03:41:41.548 [Test worker] DEBUG org.springframework.test.context.support.AbstractDirtiesContextTestExecutionListener - Before test class: context [DefaultTestContext@2e735253 testClass = SpringBootPart1ApplicationTests, testInstance = [null], testMethod = [null], testException = [null], mergedContextConfiguration = [WebMergedContextConfiguration@315deecf testClass = SpringBootPart1ApplicationTests, locations = '{}', classes = '{class com.SpringBoot.SpringBootPart1.Application, class com.SpringBoot.SpringBootPart1.Application}', contextInitializerClasses = '[]', activeProfiles = '{}', propertySourceLocations = '{}', propertySourceProperties = '{org.springframework.boot.test.context.SpringBootTestContextBootstrapper=true}', contextCustomizers = set[org.springframework.boot.test.autoconfigure.properties.PropertyMappingContextCustomizer@0, org.springframework.boot.test.autoconfigure.web.servlet.WebDriverContextCustomizerFactory$Customizer@483a2cbb, org.springframework.boot.test.context.filter.ExcludeFilterContextCustomizer@182e5fc, org.springframework.boot.test.json.DuplicateJsonObjectContextCustomizerFactory$DuplicateJsonObjectContextCustomizer@3a47bbff, org.springframework.boot.test.mock.mockito.MockitoContextCustomizer@0, org.springframework.boot.test.web.client.TestRestTemplateContextCustomizer@1b3bf08b, org.springframework.boot.test.context.SpringBootTestArgs@1], resourceBasePath = 'src/main/webapp', contextLoader = 'org.springframework.boot.test.context.SpringBootContextLoader', parent = [null]], attributes = map['org.springframework.test.context.web.ServletTestExecutionListener.activateListener' -> true]], class annotated with @DirtiesContext [false] with mode [null].
03:41:41.613 [Test worker] DEBUG org.springframework.test.context.support.TestPropertySourceUtils - Adding inlined properties to environment: {spring.jmx.enabled=false, org.springframework.boot.test.context.SpringBootTestContextBootstrapper=true, server.port=-1}

  .   ____          _            __ _ _
 /\\ / ___'_ __ _ _(_)_ __  __ _ \ \ \ \
( ( )\___ | '_ | '_| | '_ \/ _` | \ \ \ \
 \\/  ___)| |_)| | | | | || (_| |  ) ) ) )
  '  |____| .__|_| |_|_| |_\__, | / / / /
 =========|_|==============|___/=/_/_/_/
 :: Spring Boot ::        (v2.2.7.RELEASE)

2020-07-31 03:41:42.221  INFO 15763 --- [    Test worker] c.S.S.SpringBootPart1ApplicationTests    : Starting SpringBootPart1ApplicationTests on admin2-ThinkCentre-M72e with PID 15763 (started by recruit in /home/recruit/Desktop/Git repos/SpringbootP1)
2020-07-31 03:41:42.226  INFO 15763 --- [    Test worker] c.S.S.SpringBootPart1ApplicationTests    : No active profile set, falling back to default profiles: default
2020-07-31 03:41:44.346  INFO 15763 --- [    Test worker] o.s.s.concurrent.ThreadPoolTaskExecutor  : Initializing ExecutorService 'applicationTaskExecutor'
2020-07-31 03:41:44.818  INFO 15763 --- [    Test worker] c.S.S.SpringBootPart1ApplicationTests    : Started SpringBootPart1ApplicationTests in 3.188 seconds (JVM running for 5.005)
Jupiter added
Sindi removed
Hello Sindi K
]]></system-out>
  <system-err><![CDATA[]]></system-err>
</testsuite>
